Unknown file type.
Total #parameters: 687223152 (0.69B)
[OK] Wrote poses/trans/fps for 95 frames to ./demo/result_imitation_motions/Lift/good/clips/box01.51470934.20250919201305/clip_01.pkl
Total #parameters: 687223152 (0.69B)
torch.Size([1, 3])
(3,)
Total #parameters: 687223152 (0.69B)
torch.Size([1, 3])
[          0           0           0]
Total #parameters: 687223152 (0.69B)
torch.Size([1, 3])
[   0.043437     0.25794      43.035]
Total #parameters: 687223152 (0.69B)
torch.Size([1, 3])
[   0.043437     0.25794      43.035]
torch.Size([1, 3])
[   0.039103     0.25744      42.951]
torch.Size([1, 3])
[   0.034501     0.25365       42.99]
torch.Size([1, 3])
[   0.031535     0.24105      43.143]
torch.Size([1, 3])
[    0.02539     0.23874      43.484]
torch.Size([1, 3])
[   0.033326     0.22863      44.291]
torch.Size([1, 3])
[   0.037348     0.22864       44.31]
torch.Size([1, 3])
[   0.034278      0.2459      43.964]
torch.Size([1, 3])
[   0.036782     0.24406      44.387]
torch.Size([1, 3])
[   0.038882     0.23722      44.876]
torch.Size([1, 3])
[   0.042132     0.23531      45.016]
torch.Size([1, 3])
[   0.044111     0.22436      45.443]
torch.Size([1, 3])
[   0.040683     0.23027      45.281]
torch.Size([1, 3])
[   0.039169     0.23072      44.964]
torch.Size([1, 3])
[   0.036541     0.22859      44.621]
torch.Size([1, 3])
[   0.034205     0.23342      44.614]
torch.Size([1, 3])
[   0.033035      0.2435      43.985]
torch.Size([1, 3])
[   0.038679     0.24069      43.827]
torch.Size([1, 3])
[   0.041026     0.24309      43.556]
torch.Size([1, 3])
[   0.038969     0.24571      43.512]
torch.Size([1, 3])
[   0.037155     0.25325      43.311]
torch.Size([1, 3])
[   0.042174     0.25784      43.287]
torch.Size([1, 3])
[   0.036779     0.25747      43.606]
torch.Size([1, 3])
[  -0.027282     0.25836      43.336]
torch.Size([1, 3])
[  -0.027728     0.26811       42.84]
torch.Size([1, 3])
[  -0.013515       0.267      42.739]
torch.Size([1, 3])
[  0.0064473     0.25198      43.315]
torch.Size([1, 3])
[   0.024676     0.25502      43.201]
torch.Size([1, 3])
[    0.04467     0.25493      42.823]
torch.Size([1, 3])
[   0.074815      0.2554      42.262]
torch.Size([1, 3])
[    0.10711     0.25152      41.703]
torch.Size([1, 3])
[    0.11807     0.25081      40.828]
torch.Size([1, 3])
[    0.12813     0.25262      40.092]
torch.Size([1, 3])
[    0.13018     0.24688       39.17]
torch.Size([1, 3])
[    0.13131      0.2309      37.594]
torch.Size([1, 3])
[   0.099075       0.235      35.822]
torch.Size([1, 3])
[   0.061077     0.24319       34.08]
torch.Size([1, 3])
[    0.06583     0.24605      32.371]
torch.Size([1, 3])
[    0.10296     0.24855      31.504]
torch.Size([1, 3])
[   0.082714     0.27091       30.02]
torch.Size([1, 3])
[    0.05937     0.28136      28.659]
torch.Size([1, 3])
[   0.060698     0.30434      27.809]
torch.Size([1, 3])
[   0.040574     0.31277      26.765]
torch.Size([1, 3])
[   0.034546     0.32731      26.095]
torch.Size([1, 3])
[   0.025139     0.32332      25.528]
torch.Size([1, 3])
[   0.023983     0.32985      25.093]
torch.Size([1, 3])
[   0.024854     0.33569      24.624]
torch.Size([1, 3])
[   0.022323     0.34132      24.178]
torch.Size([1, 3])
[   0.028245     0.33401      24.312]
torch.Size([1, 3])
[   0.030918     0.32985      24.303]
torch.Size([1, 3])
[    0.03312     0.33416      24.006]
torch.Size([1, 3])
[   0.037088     0.33316      24.013]
torch.Size([1, 3])
[    0.02543     0.33261      23.717]
torch.Size([1, 3])
[   0.023675     0.33262      23.767]
torch.Size([1, 3])
[   0.022418     0.33115      23.748]
torch.Size([1, 3])
[   0.021845     0.33296      23.887]
torch.Size([1, 3])
[   0.017148     0.33407      23.661]
torch.Size([1, 3])
[   0.017897     0.33587      23.673]
torch.Size([1, 3])
[   0.018318      0.3351      23.854]
torch.Size([1, 3])
[   0.018835     0.34293      23.852]
torch.Size([1, 3])
[   0.016925     0.34849        23.6]
torch.Size([1, 3])
[   0.012176     0.35246      23.485]
torch.Size([1, 3])
[   0.018818     0.35982      23.321]
torch.Size([1, 3])
[   0.013268      0.3579      23.058]
torch.Size([1, 3])
[   0.010911     0.36484      23.091]
torch.Size([1, 3])
[   0.010991     0.36741      23.314]
torch.Size([1, 3])
[  0.0063282     0.35555      23.198]
torch.Size([1, 3])
[  0.0078982     0.34939        23.1]
torch.Size([1, 3])
[   0.010836     0.34124      23.187]
torch.Size([1, 3])
[   0.016584     0.32738      23.888]
torch.Size([1, 3])
[   0.015732     0.31546      24.524]
torch.Size([1, 3])
[   0.017976     0.30669      25.974]
torch.Size([1, 3])
[   0.028198     0.29442      27.326]
torch.Size([1, 3])
[   0.013612     0.28545      28.074]
torch.Size([1, 3])
[   0.015309     0.27949      29.298]
torch.Size([1, 3])
[   0.018566     0.27659      30.871]
torch.Size([1, 3])
[   0.015571     0.27686      32.262]
torch.Size([1, 3])
[    0.02593     0.27544      34.514]
torch.Size([1, 3])
[   0.031672     0.27408      36.072]
torch.Size([1, 3])
[   0.021367     0.26269      37.521]
torch.Size([1, 3])
[    0.04046     0.25391       39.42]
torch.Size([1, 3])
[   0.043386     0.24487      40.733]
torch.Size([1, 3])
[   0.044552     0.25121      41.873]
torch.Size([1, 3])
[   0.033638     0.22964      42.259]
torch.Size([1, 3])
[   0.038426      0.2308      43.133]
torch.Size([1, 3])
[   0.037438     0.22799      43.441]
torch.Size([1, 3])
[    0.03997     0.23606      44.147]
torch.Size([1, 3])
[   0.045953     0.25386       44.73]
torch.Size([1, 3])
[    0.04082     0.25618      44.722]
torch.Size([1, 3])
[   0.043587     0.26188      44.777]
torch.Size([1, 3])
[   0.039665     0.25577      44.589]
torch.Size([1, 3])
[   0.039667     0.25481      44.794]
torch.Size([1, 3])
[   0.039979      0.2609      44.811]
torch.Size([1, 3])
[   0.041557     0.25826      44.802]
torch.Size([1, 3])
[   0.041546     0.25929      44.695]
[OK] Wrote poses/trans/fps for 95 frames to ./demo/result_imitation_motions/Lift/good/clips/box01.51470934.20250919201305/clip_01.pkl
Total #parameters: 687223152 (0.69B)
min_ground_contact_height:  tensor(-0.6032, device='cuda:0')
